[handleMsg]:  {
  key: {
    remoteJid: '51957447114@s.whatsapp.net',
    fromMe: false,
    id: '51114125B2CBA33E58A85A5652777ADF',
    participant: undefined
  },
  messageTimestamp: 1700978705,
  pushName: 'Aeiou',
  broadcast: false,
  message: Message {
    extendedTextMessage: ExtendedTextMessage {
      text: 'Hola',
      previewType: 0,
      contextInfo: [ContextInfo],
      inviteLinkGroupTypeV2: 0
    },
    messageContextInfo: MessageContextInfo {
      deviceListMetadata: [DeviceListMetadata],
      deviceListMetadataVersion: 2
    }
  },
  body: 'Hola',
  from: '51957447114'
}
[QUEUE_SE_ENVIO]:  {
  ref: 'ans_879bbba6-1bc6-4683-9595-e5c7d6accd4b',
  keyword: 'key_fb53969b-349c-4557-b99b-07e78707b60b',
  answer: '🛠️ ¡Bienvenido a Ferretería ForgeLab! ¿En qué puedo ayudarte hoy?¿Buscas algun producto? 🛠️',
  options: {
    media: null,
    buttons: [],
    capture: false,
    child: null,
    delay: 0,
    idle: null,
    ref: null,
    nested: [],
    keyword: {},
    callback: false
  },
  refSerialize: 'd5e23491e077cea8ec0b037cbba4fd90'
}
[QUEUE_SE_ENVIO]:  {
  ref: 'ans_12ae1c67-f99f-4194-9618-0e93ed4fa060',
  keyword: 'ans_879bbba6-1bc6-4683-9595-e5c7d6accd4b',
  answer: 'Buscar producto\nRealizar pedido\nAyuda',
  options: {
    media: null,
    buttons: [],
    capture: false,
    child: null,
    delay: 0,
    idle: null,
    ref: null,
    nested: [
      [Object], [Object],
      [Object], [Object],
      [Object], [Object],
      [Object], [Object]
    ],
    keyword: {},
    callback: false
  },
  refSerialize: '42da00c434619eee83ae191d10579ae5'
}
[handleMsg]:  {
  key: {
    remoteJid: '51957447114@s.whatsapp.net',
    fromMe: false,
    id: '932077E75A988C7E2FF86469A2CE6D0C',
    participant: undefined
  },
  messageTimestamp: 1700978711,
  pushName: 'Aeiou',
  broadcast: false,
  message: Message {
    extendedTextMessage: ExtendedTextMessage {
      text: 'Realizar pedido',
      previewType: 0,
      contextInfo: [ContextInfo],
      inviteLinkGroupTypeV2: 0
    },
    messageContextInfo: MessageContextInfo {
      deviceListMetadata: [DeviceListMetadata],
      deviceListMetadataVersion: 2
    }
  },
  body: 'Realizar pedido',
  from: '51957447114'
}
[QUEUE_SE_ENVIO]:  {
  ref: 'ans_af779143-7a0f-4ca6-8da4-57a6a49e3c2b',
  keyword: 'key_e8b39949-2d9a-4f9c-abaa-2943cc143a71',
  answer: '📝 ¿Qué productos te gustaría agregar al pedido? Puedes mencionar los nombres y las cantidades, escribe "eso es todo" para finalizar.',
  options: {
    media: null,
    buttons: [],
    capture: false,
    child: null,
    delay: 0,
    idle: null,
    ref: null,
    nested: [],
    keyword: {},
    callback: false
  },
  refSerialize: '81f7006aaa5dd59145d52db60742d6e4'
}
[handleMsg]:  {
  key: {
    remoteJid: '51957447114@s.whatsapp.net',
    fromMe: false,
    id: '33EF0C86A7BC403DD609C6D48DFDEB5F',
    participant: undefined
  },
  messageTimestamp: 1700978727,
  pushName: 'Aeiou',
  broadcast: false,
  message: Message {
    extendedTextMessage: ExtendedTextMessage {
      text: 'Eso es todo',
      previewType: 0,
      contextInfo: [ContextInfo],
      inviteLinkGroupTypeV2: 0
    },
    messageContextInfo: MessageContextInfo {
      deviceListMetadata: [DeviceListMetadata],
      deviceListMetadataVersion: 2
    }
  },
  body: 'Eso es todo',
  from: '51957447114'
}
[QUEUE_SE_ENVIO]:  {
  ref: 'ans_998255ac-1e78-41fe-aef0-35a3419fea32',
  keyword: 'key_4768bdde-bdbf-4be4-96ac-0914c125c660',
  answer: '✅ Pedido recibido',
  options: {
    media: null,
    buttons: [],
    capture: false,
    child: null,
    delay: 0,
    idle: null,
    ref: null,
    nested: [],
    keyword: {},
    callback: false
  },
  refSerialize: 'a2934b3c65e3f0c0e67e11ba6b06ee99'
}
